<?xml version="1.0" encoding="UTF-8"?>
<!-- Generated by org.testng.reporters.JUnitXMLReporter -->
<testsuite hostname="HSNMM-AbhishekB" name="Default test" tests="2" failures="0" timestamp="10 Feb 2017 04:06:36 GMT" time="0.052" errors="0">
  <testcase name="roundtripbookingtestFail" time="0.0" classname="com.gojek.GojekTest.RoundTripFlightBookingTest">
    <skipped/>
  </testcase> <!-- roundtripbookingtestFail -->
  <testcase name="roundtripbookingtestPass" time="0.0" classname="com.gojek.GojekTest.RoundTripFlightBookingTest">
    <skipped/>
  </testcase> <!-- roundtripbookingtestPass -->
</testsuite> <!-- Default test -->
