<?xml version="1.0" encoding="UTF-8"?>
<testng-results skipped="0" failed="2" total="2" passed="0">
  <reporter-output>
  </reporter-output>
  <suite name="MainSuite" duration-ms="46" started-at="2017-02-10T04:58:29Z" finished-at="2017-02-10T04:58:29Z">
    <groups>
    </groups>
    <test name="Flight Booking" duration-ms="46" started-at="2017-02-10T04:58:29Z" finished-at="2017-02-10T04:58:29Z">
      <class name="com.gojek.GojekTest.RoundTripFlightBookingTest">
        <test-method status="PASS" signature="browserSetup()[pri:0, instance:com.gojek.GojekTest.RoundTripFlightBookingTest@72e042cb]" name="browserSetup" is-config="true" duration-ms="278" started-at="2017-02-10T10:28:28Z" finished-at="2017-02-10T10:28:29Z">
          <reporter-output>
          </reporter-output>
        </test-method> <!-- browserSetup -->
        <test-method status="FAIL" signature="roundtripbookingtestPass(java.lang.String, java.lang.String, java.lang.String, java.lang.String, java.lang.String, java.lang.String)[pri:0, instance:com.gojek.GojekTest.RoundTripFlightBookingTest@72e042cb]" name="roundtripbookingtestPass" duration-ms="5" started-at="2017-02-10T10:28:29Z" description="flight Booking Test" data-provider="flight" finished-at="2017-02-10T10:28:29Z">
          <params>
            <param index="0">
              <value>
                <![CDATA[https://www.cleartrip.com/]]>
              </value>
            </param>
            <param index="1">
              <value>
                <![CDATA[Delhi]]>
              </value>
            </param>
            <param index="2">
              <value>
                <![CDATA[Mumbai]]>
              </value>
            </param>
            <param index="3">
              <value>
                <![CDATA[testfirstName]]>
              </value>
            </param>
            <param index="4">
              <value>
                <![CDATA[testLastName]]>
              </value>
            </param>
            <param index="5">
              <value>
                <![CDATA[test@gmail.com]]>
              </value>
            </param>
          </params>
          <exception class="java.lang.NullPointerException">
            <full-stacktrace>
              <![CDATA[java.lang.NullPointerException
	at com.gojek.GojekHelper.Action.openUrl(Action.java:43)
	at com.gojek.GojekLogic.RoundTripFlightBooking.roundtripflight(RoundTripFlightBooking.java:16)
	at com.gojek.GojekTest.RoundTripFlightBookingTest.roundtripbookingtestPass(RoundTripFlightBookingTest.java:20)
	at sun.reflect.NativeMethodAccessorImpl.invoke0(Native Method)
	at sun.reflect.NativeMethodAccessorImpl.invoke(NativeMethodAccessorImpl.java:57)
	at sun.reflect.DelegatingMethodAccessorImpl.invoke(DelegatingMethodAccessorImpl.java:43)
	at java.lang.reflect.Method.invoke(Method.java:606)
	at org.testng.internal.MethodInvocationHelper.invokeMethod(MethodInvocationHelper.java:86)
	at org.testng.internal.Invoker.invokeMethod(Invoker.java:643)
	at org.testng.internal.Invoker.invokeTestMethod(Invoker.java:820)
	at org.testng.internal.Invoker.invokeTestMethods(Invoker.java:1128)
	at org.testng.internal.TestMethodWorker.invokeTestMethods(TestMethodWorker.java:129)
	at org.testng.internal.TestMethodWorker.run(TestMethodWorker.java:112)
	at org.testng.TestRunner.privateRun(TestRunner.java:782)
	at org.testng.TestRunner.run(TestRunner.java:632)
	at org.testng.SuiteRunner.runTest(SuiteRunner.java:366)
	at org.testng.SuiteRunner.runSequentially(SuiteRunner.java:361)
	at org.testng.SuiteRunner.privateRun(SuiteRunner.java:319)
	at org.testng.SuiteRunner.run(SuiteRunner.java:268)
	at org.testng.SuiteRunnerWorker.runSuite(SuiteRunnerWorker.java:52)
	at org.testng.SuiteRunnerWorker.run(SuiteRunnerWorker.java:86)
	at org.testng.TestNG.runSuitesSequentially(TestNG.java:1244)
	at org.testng.TestNG.runSuitesLocally(TestNG.java:1169)
	at org.testng.TestNG.run(TestNG.java:1064)
	at org.testng.remote.AbstractRemoteTestNG.run(AbstractRemoteTestNG.java:126)
	at org.testng.remote.RemoteTestNG.initAndRun(RemoteTestNG.java:152)
	at org.testng.remote.RemoteTestNG.main(RemoteTestNG.java:57)
]]>
            </full-stacktrace>
          </exception> <!-- java.lang.NullPointerException -->
          <reporter-output>
          </reporter-output>
        </test-method> <!-- roundtripbookingtestPass -->
        <test-method status="FAIL" signature="roundtripbookingtestFail(java.lang.String, java.lang.String, java.lang.String, java.lang.String, java.lang.String, java.lang.String)[pri:0, instance:com.gojek.GojekTest.RoundTripFlightBookingTest@72e042cb]" name="roundtripbookingtestFail" duration-ms="3" started-at="2017-02-10T10:28:29Z" description="flight Booking Test" data-provider="flight" finished-at="2017-02-10T10:28:29Z">
          <params>
            <param index="0">
              <value>
                <![CDATA[https://www.cleartrip.com/]]>
              </value>
            </param>
            <param index="1">
              <value>
                <![CDATA[Delhi]]>
              </value>
            </param>
            <param index="2">
              <value>
                <![CDATA[Mumbai]]>
              </value>
            </param>
            <param index="3">
              <value>
                <![CDATA[testfirstName]]>
              </value>
            </param>
            <param index="4">
              <value>
                <![CDATA[testLastName]]>
              </value>
            </param>
            <param index="5">
              <value>
                <![CDATA[test@gmail.com]]>
              </value>
            </param>
          </params>
          <exception class="java.lang.NullPointerException">
            <full-stacktrace>
              <![CDATA[java.lang.NullPointerException
	at com.gojek.GojekHelper.Action.openUrl(Action.java:43)
	at com.gojek.GojekLogic.RoundTripFlightBooking.roundtripflight(RoundTripFlightBooking.java:16)
	at com.gojek.GojekTest.RoundTripFlightBookingTest.roundtripbookingtestFail(RoundTripFlightBookingTest.java:27)
	at sun.reflect.NativeMethodAccessorImpl.invoke0(Native Method)
	at sun.reflect.NativeMethodAccessorImpl.invoke(NativeMethodAccessorImpl.java:57)
	at sun.reflect.DelegatingMethodAccessorImpl.invoke(DelegatingMethodAccessorImpl.java:43)
	at java.lang.reflect.Method.invoke(Method.java:606)
	at org.testng.internal.MethodInvocationHelper.invokeMethod(MethodInvocationHelper.java:86)
	at org.testng.internal.Invoker.invokeMethod(Invoker.java:643)
	at org.testng.internal.Invoker.invokeTestMethod(Invoker.java:820)
	at org.testng.internal.Invoker.invokeTestMethods(Invoker.java:1128)
	at org.testng.internal.TestMethodWorker.invokeTestMethods(TestMethodWorker.java:129)
	at org.testng.internal.TestMethodWorker.run(TestMethodWorker.java:112)
	at org.testng.TestRunner.privateRun(TestRunner.java:782)
	at org.testng.TestRunner.run(TestRunner.java:632)
	at org.testng.SuiteRunner.runTest(SuiteRunner.java:366)
	at org.testng.SuiteRunner.runSequentially(SuiteRunner.java:361)
	at org.testng.SuiteRunner.privateRun(SuiteRunner.java:319)
	at org.testng.SuiteRunner.run(SuiteRunner.java:268)
	at org.testng.SuiteRunnerWorker.runSuite(SuiteRunnerWorker.java:52)
	at org.testng.SuiteRunnerWorker.run(SuiteRunnerWorker.java:86)
	at org.testng.TestNG.runSuitesSequentially(TestNG.java:1244)
	at org.testng.TestNG.runSuitesLocally(TestNG.java:1169)
	at org.testng.TestNG.run(TestNG.java:1064)
	at org.testng.remote.AbstractRemoteTestNG.run(AbstractRemoteTestNG.java:126)
	at org.testng.remote.RemoteTestNG.initAndRun(RemoteTestNG.java:152)
	at org.testng.remote.RemoteTestNG.main(RemoteTestNG.java:57)
]]>
            </full-stacktrace>
          </exception> <!-- java.lang.NullPointerException -->
          <reporter-output>
          </reporter-output>
        </test-method> <!-- roundtripbookingtestFail -->
        <test-method status="PASS" signature="sendMail()[pri:0, instance:com.gojek.GojekTest.RoundTripFlightBookingTest@72e042cb]" name="sendMail" is-config="true" duration-ms="4764" started-at="2017-02-10T10:28:29Z" finished-at="2017-02-10T10:28:33Z">
          <reporter-output>
          </reporter-output>
        </test-method> <!-- sendMail -->
        <test-method status="PASS" signature="driverClose()[pri:0, instance:com.gojek.GojekTest.RoundTripFlightBookingTest@72e042cb]" name="driverClose" is-config="true" duration-ms="0" started-at="2017-02-10T10:28:29Z" finished-at="2017-02-10T10:28:29Z">
          <reporter-output>
          </reporter-output>
        </test-method> <!-- driverClose -->
      </class> <!-- com.gojek.GojekTest.RoundTripFlightBookingTest -->
    </test> <!-- Flight Booking -->
  </suite> <!-- MainSuite -->
</testng-results>
